<?xml version="1.0" encoding="UTF-8"?>
<testsuite name="ex8.ShoppingCartTest" tests="5" skipped="0" failures="0" errors="0" timestamp="2023-06-12T11:33:53" hostname="DESKTOP-7RMIL64" time="0.02">
  <properties/>
  <testcase name="getItemCountTest()" classname="ex8.ShoppingCartTest" time="0.011"/>
  <testcase name="clearCartTeste()" classname="ex8.ShoppingCartTest" time="0.001"/>
  <testcase name="removeItemTeste()" classname="ex8.ShoppingCartTest" time="0.005"/>
  <testcase name="additemTeste()" classname="ex8.ShoppingCartTest" time="0.001"/>
  <testcase name="containsItemTest()" classname="ex8.ShoppingCartTest" time="0.001"/>
  <system-out><![CDATA[]]></system-out>
  <system-err><![CDATA[]]></system-err>
</testsuite>
