<?xml version="1.0" encoding="UTF-8"?>
<testsuite name="ex2.StringUtilsTest" tests="1" skipped="0" failures="0" errors="0" timestamp="2023-06-07T15:44:55" hostname="DESKTOP-7RMIL64" time="0.012">
  <properties/>
  <testcase name="testPalindromes()" classname="ex2.StringUtilsTest" time="0.012"/>
  <system-out><![CDATA[]]></system-out>
  <system-err><![CDATA[]]></system-err>
</testsuite>
