<?xml version="1.0" encoding="UTF-8"?>
<testsuite name="teste.FatorialTeste" tests="1" skipped="0" failures="0" errors="0" timestamp="2023-06-16T10:00:30" hostname="DESKTOP-7RMIL64" time="0.013">
  <properties/>
  <testcase name="calcularFatorial1()" classname="teste.FatorialTeste" time="0.013"/>
  <system-out><![CDATA[]]></system-out>
  <system-err><![CDATA[]]></system-err>
</testsuite>
