<?xml version="1.0" encoding="UTF-8"?>
<testsuite name="StringUtilsTest" tests="1" skipped="0" failures="0" errors="0" timestamp="2023-06-06T11:57:18" hostname="DESKTOP-7RMIL64" time="0.025">
  <properties/>
  <testcase name="testPalindromes()" classname="StringUtilsTest" time="0.025"/>
  <system-out><![CDATA[]]></system-out>
  <system-err><![CDATA[]]></system-err>
</testsuite>
