<?xml version="1.0" encoding="UTF-8"?>
<testsuite name="ex9.GameStoreTest" tests="1" skipped="0" failures="0" errors="0" timestamp="2023-06-15T15:31:36" hostname="DESKTOP-7RMIL64" time="0.023">
  <properties/>
  <testcase name="calcularLucroTest()" classname="ex9.GameStoreTest" time="0.023"/>
  <system-out><![CDATA[]]></system-out>
  <system-err><![CDATA[]]></system-err>
</testsuite>
